Using pre-set license
Built from '2020.3/staging' branch; Version is '2020.3.25f1 (9b9180224418) revision 10195328'; Using compiler version '192528614'; Build Type 'Release'
OS: 'Windows 10  (10.0.19043) 64bit Professional' Language: 'en' Physical Memory: 8062 MB
BatchMode: 1, IsHumanControllingUs: 0, StartBugReporterOnCrash: 0, Is64bit: 1, IsPro: 0

COMMAND LINE ARGUMENTS:
C:\Program Files\Unity\Hub\Editor\2020.3.25f1\Editor\Unity.exe
-adb2
-batchMode
-noUpm
-name
AssetImportWorker25
-projectPath
C:/Users/piotreczkoland14/Documents/GitHub/LoadingBar-95
-logFile
Logs/AssetImportWorker25.log
-srvPort
59289
Successfully changed project path to: C:/Users/piotreczkoland14/Documents/GitHub/LoadingBar-95
C:/Users/piotreczkoland14/Documents/GitHub/LoadingBar-95
Using Asset Import Pipeline V2.
Refreshing native plugins compatible for Editor in 735.91 ms, found 3 plugins.
Preloading 0 native plugins for Editor in 0.00 ms.
Initialize engine version: 2020.3.25f1 (9b9180224418)
[Subsystems] Discovering subsystems at path C:/Program Files/Unity/Hub/Editor/2020.3.25f1/Editor/Data/Resources/UnitySubsystems
[Subsystems] Discovering subsystems at path C:/Users/piotreczkoland14/Documents/GitHub/LoadingBar-95/Assets
GfxDevice: creating device client; threaded=0
Direct3D:
    Version:  Direct3D 11.0 [level 11.1]
    Renderer: Intel(R) HD Graphics 5500 (ID=0x1616)
    Vendor:   
    VRAM:     4031 MB
    Driver:   20.19.15.5063
Initialize mono
Mono path[0] = 'C:/Program Files/Unity/Hub/Editor/2020.3.25f1/Editor/Data/Managed'
Mono path[1] = 'C:/Program Files/Unity/Hub/Editor/2020.3.25f1/Editor/Data/MonoBleedingEdge/lib/mono/unityjit'
Mono config path = 'C:/Program Files/Unity/Hub/Editor/2020.3.25f1/Editor/Data/MonoBleedingEdge/etc'
Using monoOptions --debugger-agent=transport=dt_socket,embedding=1,server=y,suspend=n,address=127.0.0.1:56488
Begin MonoManager ReloadAssembly
Registering precompiled unity dll's ...
Register platform support module: C:/Program Files/Unity/Hub/Editor/2020.3.25f1/Editor/Data/PlaybackEngines/WebGLSupport/UnityEditor.WebGL.Extensions.dll
Register platform support module: C:/Program Files/Unity/Hub/Editor/2020.3.25f1/Editor/Data/PlaybackEngines/WindowsStandaloneSupport/UnityEditor.WindowsStandalone.Extensions.dll
Registered in 0.023034 seconds.
Native extension for WindowsStandalone target not found
Native extension for WebGL target not found
Refreshing native plugins compatible for Editor in 784.47 ms, found 3 plugins.
Preloading 0 native plugins for Editor in 0.00 ms.
Mono: successfully reloaded assembly
- Completed reload, in  4.496 seconds
Domain Reload Profiling:
	ReloadAssembly (4497ms)
		BeginReloadAssembly (408ms)
			ExecutionOrderSort (0ms)
			DisableScriptedObjects (0ms)
			BackupInstance (0ms)
			ReleaseScriptingObjects (0ms)
			CreateAndSetChildDomain (5ms)
		EndReloadAssembly (3587ms)
			LoadAssemblies (388ms)
			RebuildTransferFunctionScriptingTraits (1ms)
			SetupTypeCache (1014ms)
			ReleaseScriptCaches (0ms)
			RebuildScriptCaches (200ms)
			SetupLoadedEditorAssemblies (1685ms)
				LogAssemblyErrors (0ms)
				InitializePlatformSupportModulesInManaged (42ms)
				SetLoadedEditorAssemblies (1ms)
				RefreshPlugins (785ms)
				BeforeProcessingInitializeOnLoad (114ms)
				ProcessInitializeOnLoadAttributes (523ms)
				ProcessInitializeOnLoadMethodAttributes (219ms)
				AfterProcessingInitializeOnLoad (0ms)
				EditorAssembliesLoaded (1ms)
			ExecutionOrderSort2 (0ms)
			AwakeInstancesAfterBackupRestoration (0ms)
Platform modules already initialized, skipping
Registering precompiled user dll's ...
Registered in 0.118650 seconds.
Begin MonoManager ReloadAssembly
Native extension for WindowsStandalone target not found
Native extension for WebGL target not found
Refreshing native plugins compatible for Editor in 744.20 ms, found 3 plugins.
Preloading 0 native plugins for Editor in 0.00 ms.
Mono: successfully reloaded assembly
- Completed reload, in  9.470 seconds
Domain Reload Profiling:
	ReloadAssembly (9473ms)
		BeginReloadAssembly (934ms)
			ExecutionOrderSort (0ms)
			DisableScriptedObjects (26ms)
			BackupInstance (0ms)
			ReleaseScriptingObjects (0ms)
			CreateAndSetChildDomain (81ms)
		EndReloadAssembly (8088ms)
			LoadAssemblies (754ms)
			RebuildTransferFunctionScriptingTraits (0ms)
			SetupTypeCache (2411ms)
			ReleaseScriptCaches (2ms)
			RebuildScriptCaches (454ms)
			SetupLoadedEditorAssemblies (3519ms)
				LogAssemblyErrors (0ms)
				InitializePlatformSupportModulesInManaged (33ms)
				SetLoadedEditorAssemblies (1ms)
				RefreshPlugins (745ms)
				BeforeProcessingInitializeOnLoad (1092ms)
				ProcessInitializeOnLoadAttributes (1479ms)
				ProcessInitializeOnLoadMethodAttributes (95ms)
				AfterProcessingInitializeOnLoad (73ms)
				EditorAssembliesLoaded (1ms)
			ExecutionOrderSort2 (0ms)
			AwakeInstancesAfterBackupRestoration (45ms)
Platform modules already initialized, skipping
========================================================================
Worker process is ready to serve import requests
Launched and connected shader compiler UnityShaderCompiler.exe after 0.45 seconds
Refreshing native plugins compatible for Editor in 6.59 ms, found 3 plugins.
Preloading 0 native plugins for Editor in 0.00 ms.
Unloading 3991 Unused Serialized files (Serialized files now loaded: 0)
System memory in use before: 164.9 MB.
System memory in use after: 165.2 MB.

Unloading 57 unused Assets to reduce memory usage. Loaded Objects now: 4446.
Total: 15.954600 ms (FindLiveObjects: 1.004100 ms CreateObjectMapping: 0.714100 ms MarkObjects: 13.915800 ms  DeleteObjects: 0.315500 ms)

AssetImportParameters requested are different than current active one (requested -> active):
  custom:framework-win-MediaFoundation: 216162199b28c13a410421893ffa2e32 -> 
  custom:video-decoder-ogg-theora: a1e56fd34408186e4bbccfd4996cb3dc -> 
  custom:container-muxer-webm: aa71ff27fc2769a1b78a27578f13a17b -> 
  custom:container-demuxer-webm: 4f35f7cbe854078d1ac9338744f61a02 -> 
  custom:container-demuxer-ogg: 62fdf1f143b41e24485cea50d1cbac27 -> 
  custom:video-encoder-webm-vp8: eb34c28f22e8b96e1ab97ce403110664 -> 
  custom:video-decoder-webm-vp8: 9c59270c3fd7afecdb556c50c9e8de78 -> 
  custom:audio-decoder-ogg-vorbis: bf7c407c2cedff20999df2af8eb42d56 -> 
  custom:audio-encoder-webm-vorbis: bf7c407c2cedff20999df2af8eb42d56 -> 
========================================================================
Received Prepare
Registering precompiled user dll's ...
Registered in 0.043287 seconds.
Begin MonoManager ReloadAssembly
Native extension for WindowsStandalone target not found
Native extension for WebGL target not found
Refreshing native plugins compatible for Editor in 9.45 ms, found 3 plugins.
Preloading 0 native plugins for Editor in 0.00 ms.
Mono: successfully reloaded assembly
- Completed reload, in 10.399 seconds
Domain Reload Profiling:
	ReloadAssembly (10404ms)
		BeginReloadAssembly (1102ms)
			ExecutionOrderSort (0ms)
			DisableScriptedObjects (63ms)
			BackupInstance (0ms)
			ReleaseScriptingObjects (0ms)
			CreateAndSetChildDomain (286ms)
		EndReloadAssembly (8752ms)
			LoadAssemblies (1096ms)
			RebuildTransferFunctionScriptingTraits (0ms)
			SetupTypeCache (2685ms)
			ReleaseScriptCaches (11ms)
			RebuildScriptCaches (418ms)
			SetupLoadedEditorAssemblies (3392ms)
				LogAssemblyErrors (0ms)
				InitializePlatformSupportModulesInManaged (74ms)
				SetLoadedEditorAssemblies (6ms)
				RefreshPlugins (10ms)
				BeforeProcessingInitializeOnLoad (1784ms)
				ProcessInitializeOnLoadAttributes (1386ms)
				ProcessInitializeOnLoadMethodAttributes (60ms)
				AfterProcessingInitializeOnLoad (70ms)
				EditorAssembliesLoaded (1ms)
			ExecutionOrderSort2 (0ms)
			AwakeInstancesAfterBackupRestoration (44ms)
Platform modules already initialized, skipping
Switching build target platform(19) subTarget(0) extendedPlatform(0) -> platform(13) subTarget(537395200) extendedPlatform(0)
Refreshing native plugins compatible for Editor in 3.28 ms, found 3 plugins.
Preloading 0 native plugins for Editor in 0.00 ms.
Unloading 3905 Unused Serialized files (Serialized files now loaded: 0)
System memory in use before: 154.9 MB.
System memory in use after: 155.1 MB.

Unloading 47 unused Assets to reduce memory usage. Loaded Objects now: 4448.
Total: 15.329200 ms (FindLiveObjects: 0.798400 ms CreateObjectMapping: 0.723600 ms MarkObjects: 13.495900 ms  DeleteObjects: 0.305500 ms)

AssetImportParameters requested are different than current active one (requested -> active):
  custom:framework-win-MediaFoundation: 216162199b28c13a410421893ffa2e32 -> 
  custom:video-decoder-ogg-theora: a1e56fd34408186e4bbccfd4996cb3dc -> 
  custom:container-muxer-webm: aa71ff27fc2769a1b78a27578f13a17b -> 
  custom:container-demuxer-webm: 4f35f7cbe854078d1ac9338744f61a02 -> 
  custom:container-demuxer-ogg: 62fdf1f143b41e24485cea50d1cbac27 -> 
  custom:video-encoder-webm-vp8: eb34c28f22e8b96e1ab97ce403110664 -> 
  custom:video-decoder-webm-vp8: 9c59270c3fd7afecdb556c50c9e8de78 -> 
  custom:graphics/normal-map-encoding: 01000000000000000000000000000000 -> 02000000000000000000000000000000
  custom:audio-decoder-ogg-vorbis: bf7c407c2cedff20999df2af8eb42d56 -> 
  custom:audio-encoder-webm-vorbis: bf7c407c2cedff20999df2af8eb42d56 -> 
========================================================================
Received Prepare
Registering precompiled user dll's ...
Registered in 0.433698 seconds.
Begin MonoManager ReloadAssembly
Native extension for WindowsStandalone target not found
Native extension for WebGL target not found
Refreshing native plugins compatible for Editor in 4.13 ms, found 3 plugins.
Preloading 0 native plugins for Editor in 0.00 ms.
Mono: successfully reloaded assembly
- Completed reload, in 11.457 seconds
Domain Reload Profiling:
	ReloadAssembly (11459ms)
		BeginReloadAssembly (2184ms)
			ExecutionOrderSort (0ms)
			DisableScriptedObjects (11ms)
			BackupInstance (0ms)
			ReleaseScriptingObjects (0ms)
			CreateAndSetChildDomain (150ms)
		EndReloadAssembly (8609ms)
			LoadAssemblies (2438ms)
			RebuildTransferFunctionScriptingTraits (0ms)
			SetupTypeCache (3130ms)
			ReleaseScriptCaches (5ms)
			RebuildScriptCaches (427ms)
			SetupLoadedEditorAssemblies (3118ms)
				LogAssemblyErrors (0ms)
				InitializePlatformSupportModulesInManaged (59ms)
				SetLoadedEditorAssemblies (5ms)
				RefreshPlugins (5ms)
				BeforeProcessingInitializeOnLoad (1137ms)
				ProcessInitializeOnLoadAttributes (1762ms)
				ProcessInitializeOnLoadMethodAttributes (72ms)
				AfterProcessingInitializeOnLoad (77ms)
				EditorAssembliesLoaded (1ms)
			ExecutionOrderSort2 (0ms)
			AwakeInstancesAfterBackupRestoration (48ms)
Platform modules already initialized, skipping
Switching build target platform(19) subTarget(0) extendedPlatform(0) -> platform(13) subTarget(537395200) extendedPlatform(0)
Refreshing native plugins compatible for Editor in 6.62 ms, found 3 plugins.
Preloading 0 native plugins for Editor in 0.00 ms.
Unloading 3905 Unused Serialized files (Serialized files now loaded: 0)
System memory in use before: 154.9 MB.
System memory in use after: 155.2 MB.

Unloading 47 unused Assets to reduce memory usage. Loaded Objects now: 4450.
Total: 23.297400 ms (FindLiveObjects: 0.924700 ms CreateObjectMapping: 0.681200 ms MarkObjects: 21.381700 ms  DeleteObjects: 0.305400 ms)

AssetImportParameters requested are different than current active one (requested -> active):
  custom:framework-win-MediaFoundation: 216162199b28c13a410421893ffa2e32 -> 
  custom:video-decoder-ogg-theora: a1e56fd34408186e4bbccfd4996cb3dc -> 
  custom:container-muxer-webm: aa71ff27fc2769a1b78a27578f13a17b -> 
  custom:container-demuxer-webm: 4f35f7cbe854078d1ac9338744f61a02 -> 
  custom:container-demuxer-ogg: 62fdf1f143b41e24485cea50d1cbac27 -> 
  custom:video-encoder-webm-vp8: eb34c28f22e8b96e1ab97ce403110664 -> 
  custom:video-decoder-webm-vp8: 9c59270c3fd7afecdb556c50c9e8de78 -> 
  custom:graphics/normal-map-encoding: 01000000000000000000000000000000 -> 02000000000000000000000000000000
  custom:audio-decoder-ogg-vorbis: bf7c407c2cedff20999df2af8eb42d56 -> 
  custom:audio-encoder-webm-vorbis: bf7c407c2cedff20999df2af8eb42d56 -> 
========================================================================
Received Import Request.
  path: Assets/CutRope/Hook.psd
  artifactKey: Guid(cd0299e0ded7e2542b6f2f74fc6709a2) Importer(815301076,1909f56bfc062723c751e8b465ee728b)
Start importing Assets/CutRope/Hook.psd using Guid(cd0299e0ded7e2542b6f2f74fc6709a2) Importer(815301076,1909f56bfc062723c751e8b465ee728b)  -> (artifact id: 'f9562138b3e5c03cfa5400ce2241bb31') in 0.831397 seconds 
  Import took 0.879426 seconds .

========================================================================
Received Import Request.
  Time since last request: 0.001338 seconds.
  path: Assets/CutRope/recyclebin.png
  artifactKey: Guid(de2f3640719798147ae12a8e020a7cfa) Importer(815301076,1909f56bfc062723c751e8b465ee728b)
Start importing Assets/CutRope/recyclebin.png using Guid(de2f3640719798147ae12a8e020a7cfa) Importer(815301076,1909f56bfc062723c751e8b465ee728b)  -> (artifact id: 'a8912e73c0fd652fc4bb87de4671e4bb') in 0.998093 seconds 
  Import took 1.066510 seconds .

========================================================================
Received Import Request.
  Time since last request: 0.001420 seconds.
  path: Assets/CutRope/Link.psd
  artifactKey: Guid(a3c71c1098e907e49ac90e6370cd42f8) Importer(815301076,1909f56bfc062723c751e8b465ee728b)
Start importing Assets/CutRope/Link.psd using Guid(a3c71c1098e907e49ac90e6370cd42f8) Importer(815301076,1909f56bfc062723c751e8b465ee728b)  -> (artifact id: '24c14422efb9c6172b1a6baff677bb53') in 0.196343 seconds 
  Import took 0.234050 seconds .

========================================================================
Received Import Request.
  Time since last request: 0.000927 seconds.
  path: Assets/CutRope/Weight.psd
  artifactKey: Guid(5ce1f45ef97937a41a392944b213fe05) Importer(815301076,1909f56bfc062723c751e8b465ee728b)
Start importing Assets/CutRope/Weight.psd using Guid(5ce1f45ef97937a41a392944b213fe05) Importer(815301076,1909f56bfc062723c751e8b465ee728b)  -> (artifact id: '96888b52ed06cee98dcac4a047e82374') in 0.144263 seconds 
  Import took 0.189340 seconds .

========================================================================
Received Import Request.
  Time since last request: 0.001103 seconds.
  path: Assets/CutRope/Background.psd
  artifactKey: Guid(4d323d55bfc06564aacbf1975d256fc2) Importer(815301076,1909f56bfc062723c751e8b465ee728b)
Start importing Assets/CutRope/Background.psd using Guid(4d323d55bfc06564aacbf1975d256fc2) Importer(815301076,1909f56bfc062723c751e8b465ee728b)  -> (artifact id: '0ae320c67583593588e6c93ac5b9fa80') in 0.295053 seconds 
  Import took 0.329061 seconds .

========================================================================
Received Import Request.
  Time since last request: 0.000911 seconds.
  path: Assets/CutRope/Link.prefab
  artifactKey: Guid(2fccb692617ee7847bba1926624276de) Importer(815301076,1909f56bfc062723c751e8b465ee728b)
Start importing Assets/CutRope/Link.prefab using Guid(2fccb692617ee7847bba1926624276de) Importer(815301076,1909f56bfc062723c751e8b465ee728b)  -> (artifact id: 'bf2df3329f7d45cde6d100fb73b60b7b') in 0.264133 seconds 
  Import took 0.302535 seconds .

========================================================================
Received Import Request.
  Time since last request: 27.841591 seconds.
  path: Assets/CutRope/Link.prefab
  artifactKey: Guid(2fccb692617ee7847bba1926624276de) Importer(815301076,1909f56bfc062723c751e8b465ee728b)
Start importing Assets/CutRope/Link.prefab using Guid(2fccb692617ee7847bba1926624276de) Importer(815301076,1909f56bfc062723c751e8b465ee728b)  -> (artifact id: '046661f0fa14aac5a428266898e90182') in 0.142183 seconds 
  Import took 0.182026 seconds .

========================================================================
Received Import Request.
  Time since last request: 13.438777 seconds.
  path: Assets/CutRope/Link.prefab
  artifactKey: Guid(2fccb692617ee7847bba1926624276de) Importer(815301076,1909f56bfc062723c751e8b465ee728b)
Start importing Assets/CutRope/Link.prefab using Guid(2fccb692617ee7847bba1926624276de) Importer(815301076,1909f56bfc062723c751e8b465ee728b)  -> (artifact id: 'cb767d81a6b7fbf772775fbb1e915215') in 0.240287 seconds 
  Import took 0.292011 seconds .

========================================================================
Received Import Request.
  Time since last request: 1.991113 seconds.
  path: Assets/CutRope/Link.prefab
  artifactKey: Guid(2fccb692617ee7847bba1926624276de) Importer(815301076,1909f56bfc062723c751e8b465ee728b)
Start importing Assets/CutRope/Link.prefab using Guid(2fccb692617ee7847bba1926624276de) Importer(815301076,1909f56bfc062723c751e8b465ee728b)  -> (artifact id: '2b545c4295153ca415bd2b3b6d9da86e') in 0.104428 seconds 
  Import took 0.163506 seconds .

========================================================================
Received Import Request.
  Time since last request: 1.856440 seconds.
  path: Assets/CutRope/Link.prefab
  artifactKey: Guid(2fccb692617ee7847bba1926624276de) Importer(815301076,1909f56bfc062723c751e8b465ee728b)
Start importing Assets/CutRope/Link.prefab using Guid(2fccb692617ee7847bba1926624276de) Importer(815301076,1909f56bfc062723c751e8b465ee728b)  -> (artifact id: 'd701a2d2e3ac23da6bbb7080aec31e44') in 0.595447 seconds 
  Import took 0.703076 seconds .

========================================================================
Received Import Request.
  Time since last request: 1.022237 seconds.
  path: Assets/CutRope/Link.prefab
  artifactKey: Guid(2fccb692617ee7847bba1926624276de) Importer(815301076,1909f56bfc062723c751e8b465ee728b)
Start importing Assets/CutRope/Link.prefab using Guid(2fccb692617ee7847bba1926624276de) Importer(815301076,1909f56bfc062723c751e8b465ee728b)  -> (artifact id: '241b8452ae8434f90ad051cbbe6af2ac') in 0.074093 seconds 
  Import took 0.113817 seconds .

========================================================================
Received Import Request.
  Time since last request: 6.794531 seconds.
  path: Assets/CutRope/Link.prefab
  artifactKey: Guid(2fccb692617ee7847bba1926624276de) Importer(815301076,1909f56bfc062723c751e8b465ee728b)
Start importing Assets/CutRope/Link.prefab using Guid(2fccb692617ee7847bba1926624276de) Importer(815301076,1909f56bfc062723c751e8b465ee728b)  -> (artifact id: '950cbca80bdfd79c16709edded60d735') in 0.140418 seconds 
  Import took 0.231898 seconds .

========================================================================
Received Import Request.
  Time since last request: 10.366928 seconds.
  path: Assets/CutRope/Link.prefab
  artifactKey: Guid(2fccb692617ee7847bba1926624276de) Importer(815301076,1909f56bfc062723c751e8b465ee728b)
Start importing Assets/CutRope/Link.prefab using Guid(2fccb692617ee7847bba1926624276de) Importer(815301076,1909f56bfc062723c751e8b465ee728b)  -> (artifact id: '8db390b216619d18ede30db1c351b09a') in 0.121391 seconds 
  Import took 0.181353 seconds .

========================================================================
Received Import Request.
  Time since last request: 2.130320 seconds.
  path: Assets/CutRope/Link.prefab
  artifactKey: Guid(2fccb692617ee7847bba1926624276de) Importer(815301076,1909f56bfc062723c751e8b465ee728b)
Start importing Assets/CutRope/Link.prefab using Guid(2fccb692617ee7847bba1926624276de) Importer(815301076,1909f56bfc062723c751e8b465ee728b)  -> (artifact id: 'cdc3d257d73c7f2cd76b84b559e06f37') in 0.119512 seconds 
  Import took 0.172382 seconds .

========================================================================
Received Import Request.
  Time since last request: 10.177133 seconds.
  path: Assets/CutRope/Link.prefab
  artifactKey: Guid(2fccb692617ee7847bba1926624276de) Importer(815301076,1909f56bfc062723c751e8b465ee728b)
Start importing Assets/CutRope/Link.prefab using Guid(2fccb692617ee7847bba1926624276de) Importer(815301076,1909f56bfc062723c751e8b465ee728b)  -> (artifact id: '248c0d612494ac46fa8c9237fb9ce57c') in 0.100234 seconds 
  Import took 0.160766 seconds .

========================================================================
Received Import Request.
  Time since last request: 2.277334 seconds.
  path: Assets/CutRope/Link.prefab
  artifactKey: Guid(2fccb692617ee7847bba1926624276de) Importer(815301076,1909f56bfc062723c751e8b465ee728b)
Start importing Assets/CutRope/Link.prefab using Guid(2fccb692617ee7847bba1926624276de) Importer(815301076,1909f56bfc062723c751e8b465ee728b)  -> (artifact id: 'abbdafefa892fa9b2f576ac057c9452a') in 0.112838 seconds 
  Import took 0.158316 seconds .

========================================================================
Received Prepare
Registering precompiled user dll's ...
Registered in 0.579410 seconds.
Begin MonoManager ReloadAssembly
Native extension for WindowsStandalone target not found
Native extension for WebGL target not found
Refreshing native plugins compatible for Editor in 4.40 ms, found 3 plugins.
Preloading 0 native plugins for Editor in 0.00 ms.
Mono: successfully reloaded assembly
- Completed reload, in  8.275 seconds
Domain Reload Profiling:
	ReloadAssembly (8278ms)
		BeginReloadAssembly (520ms)
			ExecutionOrderSort (0ms)
			DisableScriptedObjects (20ms)
			BackupInstance (0ms)
			ReleaseScriptingObjects (0ms)
			CreateAndSetChildDomain (139ms)
		EndReloadAssembly (7453ms)
			LoadAssemblies (410ms)
			RebuildTransferFunctionScriptingTraits (0ms)
			SetupTypeCache (2893ms)
			ReleaseScriptCaches (5ms)
			RebuildScriptCaches (349ms)
			SetupLoadedEditorAssemblies (2488ms)
				LogAssemblyErrors (0ms)
				InitializePlatformSupportModulesInManaged (35ms)
				SetLoadedEditorAssemblies (3ms)
				RefreshPlugins (5ms)
				BeforeProcessingInitializeOnLoad (763ms)
				ProcessInitializeOnLoadAttributes (1473ms)
				ProcessInitializeOnLoadMethodAttributes (106ms)
				AfterProcessingInitializeOnLoad (102ms)
				EditorAssembliesLoaded (1ms)
			ExecutionOrderSort2 (0ms)
			AwakeInstancesAfterBackupRestoration (185ms)
Platform modules already initialized, skipping
Switching build target platform(19) subTarget(0) extendedPlatform(0) -> platform(13) subTarget(537395200) extendedPlatform(0)
Refreshing native plugins compatible for Editor in 3.57 ms, found 3 plugins.
Preloading 0 native plugins for Editor in 0.00 ms.
Unloading 3905 Unused Serialized files (Serialized files now loaded: 0)
System memory in use before: 158.0 MB.
System memory in use after: 158.2 MB.

Unloading 47 unused Assets to reduce memory usage. Loaded Objects now: 4467.
Total: 15.831400 ms (FindLiveObjects: 0.824900 ms CreateObjectMapping: 0.695400 ms MarkObjects: 14.097500 ms  DeleteObjects: 0.210600 ms)

AssetImportParameters requested are different than current active one (requested -> active):
  custom:framework-win-MediaFoundation: 216162199b28c13a410421893ffa2e32 -> 
  custom:video-decoder-ogg-theora: a1e56fd34408186e4bbccfd4996cb3dc -> 
  custom:container-muxer-webm: aa71ff27fc2769a1b78a27578f13a17b -> 
  custom:container-demuxer-webm: 4f35f7cbe854078d1ac9338744f61a02 -> 
  custom:container-demuxer-ogg: 62fdf1f143b41e24485cea50d1cbac27 -> 
  custom:video-encoder-webm-vp8: eb34c28f22e8b96e1ab97ce403110664 -> 
  custom:video-decoder-webm-vp8: 9c59270c3fd7afecdb556c50c9e8de78 -> 
  custom:graphics/normal-map-encoding: 01000000000000000000000000000000 -> 02000000000000000000000000000000
  custom:audio-decoder-ogg-vorbis: bf7c407c2cedff20999df2af8eb42d56 -> 
  custom:audio-encoder-webm-vorbis: bf7c407c2cedff20999df2af8eb42d56 -> 
========================================================================
Received Prepare
Registering precompiled user dll's ...
Registered in 2.614127 seconds.
Begin MonoManager ReloadAssembly
Native extension for WindowsStandalone target not found
Native extension for WebGL target not found
Refreshing native plugins compatible for Editor in 3.71 ms, found 3 plugins.
Preloading 0 native plugins for Editor in 0.00 ms.
Mono: successfully reloaded assembly
- Completed reload, in 11.064 seconds
Domain Reload Profiling:
	ReloadAssembly (11068ms)
		BeginReloadAssembly (231ms)
			ExecutionOrderSort (0ms)
			DisableScriptedObjects (12ms)
			BackupInstance (0ms)
			ReleaseScriptingObjects (0ms)
			CreateAndSetChildDomain (81ms)
		EndReloadAssembly (10277ms)
			LoadAssemblies (1823ms)
			RebuildTransferFunctionScriptingTraits (0ms)
			SetupTypeCache (3185ms)
			ReleaseScriptCaches (11ms)
			RebuildScriptCaches (544ms)
			SetupLoadedEditorAssemblies (3041ms)
				LogAssemblyErrors (0ms)
				InitializePlatformSupportModulesInManaged (34ms)
				SetLoadedEditorAssemblies (3ms)
				RefreshPlugins (4ms)
				BeforeProcessingInitializeOnLoad (952ms)
				ProcessInitializeOnLoadAttributes (1894ms)
				ProcessInitializeOnLoadMethodAttributes (81ms)
				AfterProcessingInitializeOnLoad (72ms)
				EditorAssembliesLoaded (1ms)
			ExecutionOrderSort2 (0ms)
			AwakeInstancesAfterBackupRestoration (86ms)
Platform modules already initialized, skipping
Switching build target platform(19) subTarget(0) extendedPlatform(0) -> platform(13) subTarget(537395200) extendedPlatform(0)
Refreshing native plugins compatible for Editor in 3.65 ms, found 3 plugins.
Preloading 0 native plugins for Editor in 0.00 ms.
Unloading 3905 Unused Serialized files (Serialized files now loaded: 0)
System memory in use before: 158.0 MB.
System memory in use after: 158.2 MB.

Unloading 47 unused Assets to reduce memory usage. Loaded Objects now: 4469.
Total: 15.198000 ms (FindLiveObjects: 0.843400 ms CreateObjectMapping: 0.715100 ms MarkObjects: 13.421000 ms  DeleteObjects: 0.214300 ms)

AssetImportParameters requested are different than current active one (requested -> active):
  custom:framework-win-MediaFoundation: 216162199b28c13a410421893ffa2e32 -> 
  custom:video-decoder-ogg-theora: a1e56fd34408186e4bbccfd4996cb3dc -> 
  custom:container-muxer-webm: aa71ff27fc2769a1b78a27578f13a17b -> 
  custom:container-demuxer-webm: 4f35f7cbe854078d1ac9338744f61a02 -> 
  custom:container-demuxer-ogg: 62fdf1f143b41e24485cea50d1cbac27 -> 
  custom:video-encoder-webm-vp8: eb34c28f22e8b96e1ab97ce403110664 -> 
  custom:video-decoder-webm-vp8: 9c59270c3fd7afecdb556c50c9e8de78 -> 
  custom:graphics/normal-map-encoding: 01000000000000000000000000000000 -> 02000000000000000000000000000000
  custom:audio-decoder-ogg-vorbis: bf7c407c2cedff20999df2af8eb42d56 -> 
  custom:audio-encoder-webm-vorbis: bf7c407c2cedff20999df2af8eb42d56 -> 
========================================================================
Received Import Request.
  Time since last request: 115.467986 seconds.
  path: Assets/CutRope
  artifactKey: Guid(055328748b5b7764a839a8a29becda9b) Importer(815301076,1909f56bfc062723c751e8b465ee728b)
Start importing Assets/CutRope using Guid(055328748b5b7764a839a8a29becda9b) Importer(815301076,1909f56bfc062723c751e8b465ee728b)  -> (artifact id: '9eb8dec78e7bf02a43c55cfb3cb10e10') in 0.105342 seconds 
  Import took 0.153451 seconds .

========================================================================
Received Import Request.
  Time since last request: 18.514742 seconds.
  path: Assets/CutRope/RopeManagerLV.cs
  artifactKey: Guid(28f1598326f00144f9b899f1f6c3f7c2) Importer(815301076,1909f56bfc062723c751e8b465ee728b)
Start importing Assets/CutRope/RopeManagerLV.cs using Guid(28f1598326f00144f9b899f1f6c3f7c2) Importer(815301076,1909f56bfc062723c751e8b465ee728b)  -> (artifact id: 'dde474677ec77073e69a17cf670a8d63') in 0.354266 seconds 
  Import took 0.468771 seconds .

========================================================================
Received Prepare
Registering precompiled user dll's ...
Registered in 0.139708 seconds.
Begin MonoManager ReloadAssembly
Native extension for WindowsStandalone target not found
Native extension for WebGL target not found
Refreshing native plugins compatible for Editor in 6.97 ms, found 3 plugins.
Preloading 0 native plugins for Editor in 0.00 ms.
Mono: successfully reloaded assembly
- Completed reload, in 18.038 seconds
Domain Reload Profiling:
	ReloadAssembly (18047ms)
		BeginReloadAssembly (471ms)
			ExecutionOrderSort (0ms)
			DisableScriptedObjects (30ms)
			BackupInstance (0ms)
			ReleaseScriptingObjects (0ms)
			CreateAndSetChildDomain (172ms)
		EndReloadAssembly (15087ms)
			LoadAssemblies (1958ms)
			RebuildTransferFunctionScriptingTraits (0ms)
			SetupTypeCache (4410ms)
			ReleaseScriptCaches (8ms)
			RebuildScriptCaches (1801ms)
			SetupLoadedEditorAssemblies (3675ms)
				LogAssemblyErrors (0ms)
				InitializePlatformSupportModulesInManaged (89ms)
				SetLoadedEditorAssemblies (2ms)
				RefreshPlugins (7ms)
				BeforeProcessingInitializeOnLoad (2271ms)
				ProcessInitializeOnLoadAttributes (1257ms)
				ProcessInitializeOnLoadMethodAttributes (23ms)
				AfterProcessingInitializeOnLoad (26ms)
				EditorAssembliesLoaded (0ms)
			ExecutionOrderSort2 (0ms)
			AwakeInstancesAfterBackupRestoration (56ms)
Platform modules already initialized, skipping
Switching build target platform(19) subTarget(0) extendedPlatform(0) -> platform(13) subTarget(537395200) extendedPlatform(0)
Refreshing native plugins compatible for Editor in 2.44 ms, found 3 plugins.
Preloading 0 native plugins for Editor in 0.00 ms.
Unloading 3906 Unused Serialized files (Serialized files now loaded: 0)
System memory in use before: 158.1 MB.
System memory in use after: 158.3 MB.

Unloading 47 unused Assets to reduce memory usage. Loaded Objects now: 4472.
Total: 10.871800 ms (FindLiveObjects: 0.649800 ms CreateObjectMapping: 0.995500 ms MarkObjects: 9.059700 ms  DeleteObjects: 0.163700 ms)

AssetImportParameters requested are different than current active one (requested -> active):
  custom:framework-win-MediaFoundation: 216162199b28c13a410421893ffa2e32 -> 
  custom:video-decoder-ogg-theora: a1e56fd34408186e4bbccfd4996cb3dc -> 
  custom:container-muxer-webm: aa71ff27fc2769a1b78a27578f13a17b -> 
  custom:container-demuxer-webm: 4f35f7cbe854078d1ac9338744f61a02 -> 
  custom:container-demuxer-ogg: 62fdf1f143b41e24485cea50d1cbac27 -> 
  custom:video-encoder-webm-vp8: eb34c28f22e8b96e1ab97ce403110664 -> 
  custom:video-decoder-webm-vp8: 9c59270c3fd7afecdb556c50c9e8de78 -> 
  custom:graphics/normal-map-encoding: 01000000000000000000000000000000 -> 02000000000000000000000000000000
  custom:audio-decoder-ogg-vorbis: bf7c407c2cedff20999df2af8eb42d56 -> 
  custom:audio-encoder-webm-vorbis: bf7c407c2cedff20999df2af8eb42d56 -> 
========================================================================
Received Prepare
Registering precompiled user dll's ...
Registered in 5.343619 seconds.
Begin MonoManager ReloadAssembly
Native extension for WindowsStandalone target not found
Native extension for WebGL target not found
Refreshing native plugins compatible for Editor in 4.44 ms, found 3 plugins.
Preloading 0 native plugins for Editor in 0.00 ms.
Mono: successfully reloaded assembly
- Completed reload, in 15.599 seconds
Domain Reload Profiling:
	ReloadAssembly (15601ms)
		BeginReloadAssembly (288ms)
			ExecutionOrderSort (0ms)
			DisableScriptedObjects (13ms)
			BackupInstance (0ms)
			ReleaseScriptingObjects (0ms)
			CreateAndSetChildDomain (68ms)
		EndReloadAssembly (10898ms)
			LoadAssemblies (471ms)
			RebuildTransferFunctionScriptingTraits (0ms)
			SetupTypeCache (2869ms)
			ReleaseScriptCaches (5ms)
			RebuildScriptCaches (383ms)
			SetupLoadedEditorAssemblies (5463ms)
				LogAssemblyErrors (0ms)
				InitializePlatformSupportModulesInManaged (40ms)
				SetLoadedEditorAssemblies (3ms)
				RefreshPlugins (5ms)
				BeforeProcessingInitializeOnLoad (898ms)
				ProcessInitializeOnLoadAttributes (4366ms)
				ProcessInitializeOnLoadMethodAttributes (61ms)
				AfterProcessingInitializeOnLoad (89ms)
				EditorAssembliesLoaded (1ms)
			ExecutionOrderSort2 (0ms)
			AwakeInstancesAfterBackupRestoration (95ms)
Platform modules already initialized, skipping
Switching build target platform(19) subTarget(0) extendedPlatform(0) -> platform(13) subTarget(537395200) extendedPlatform(0)
Refreshing native plugins compatible for Editor in 14.80 ms, found 3 plugins.
Preloading 0 native plugins for Editor in 0.00 ms.
Unloading 3906 Unused Serialized files (Serialized files now loaded: 0)
System memory in use before: 158.1 MB.
System memory in use after: 158.3 MB.

Unloading 47 unused Assets to reduce memory usage. Loaded Objects now: 4474.
Total: 28.000100 ms (FindLiveObjects: 3.740900 ms CreateObjectMapping: 2.976500 ms MarkObjects: 20.993000 ms  DeleteObjects: 0.284600 ms)

AssetImportParameters requested are different than current active one (requested -> active):
  custom:framework-win-MediaFoundation: 216162199b28c13a410421893ffa2e32 -> 
  custom:video-decoder-ogg-theora: a1e56fd34408186e4bbccfd4996cb3dc -> 
  custom:container-muxer-webm: aa71ff27fc2769a1b78a27578f13a17b -> 
  custom:container-demuxer-webm: 4f35f7cbe854078d1ac9338744f61a02 -> 
  custom:container-demuxer-ogg: 62fdf1f143b41e24485cea50d1cbac27 -> 
  custom:video-encoder-webm-vp8: eb34c28f22e8b96e1ab97ce403110664 -> 
  custom:video-decoder-webm-vp8: 9c59270c3fd7afecdb556c50c9e8de78 -> 
  custom:graphics/normal-map-encoding: 01000000000000000000000000000000 -> 02000000000000000000000000000000
  custom:audio-decoder-ogg-vorbis: bf7c407c2cedff20999df2af8eb42d56 -> 
  custom:audio-encoder-webm-vorbis: bf7c407c2cedff20999df2af8eb42d56 -> 
========================================================================
Received Import Request.
  Time since last request: 170.607012 seconds.
  path: Assets/CutRope/RopeManagerLV.cs
  artifactKey: Guid(28f1598326f00144f9b899f1f6c3f7c2) Importer(815301076,1909f56bfc062723c751e8b465ee728b)
Start importing Assets/CutRope/RopeManagerLV.cs using Guid(28f1598326f00144f9b899f1f6c3f7c2) Importer(815301076,1909f56bfc062723c751e8b465ee728b)  -> (artifact id: '00000000000000000000000000000000') in 0.010663 seconds  code(4) message(Build asset version error: assets/cutrope/ropemanagerlv.cs in SourceAssetDB has modification time of '2022-03-03T21:36:51.256642Z' while content on disk has modification time of '2022-03-03T21:37:50.7457874Z')
  ERROR: Build asset version error: assets/cutrope/ropemanagerlv.cs in SourceAssetDB has modification time of '2022-03-03T21:36:51.256642Z' while content on disk has modification time of '2022-03-03T21:37:50.7457874Z'
  Import took 0.050500 seconds .

========================================================================
Received Import Request.
  Time since last request: 0.000681 seconds.
  path: Assets/CutRope/RopeLevels.unity
  artifactKey: Guid(58a825868ccf8c64fb157b41c47291c9) Importer(815301076,1909f56bfc062723c751e8b465ee728b)
Start importing Assets/CutRope/RopeLevels.unity using Guid(58a825868ccf8c64fb157b41c47291c9) Importer(815301076,1909f56bfc062723c751e8b465ee728b)  -> (artifact id: '71dcc0cb1adf5e69b439a04048586318') in 0.341729 seconds 
  Import took 0.387072 seconds .

========================================================================
Received Prepare
Registering precompiled user dll's ...
Registered in 0.098388 seconds.
Begin MonoManager ReloadAssembly
Native extension for WindowsStandalone target not found
Native extension for WebGL target not found
Refreshing native plugins compatible for Editor in 3.62 ms, found 3 plugins.
Preloading 0 native plugins for Editor in 0.00 ms.
Mono: successfully reloaded assembly
- Completed reload, in 11.001 seconds
Domain Reload Profiling:
	ReloadAssembly (11005ms)
		BeginReloadAssembly (702ms)
			ExecutionOrderSort (0ms)
			DisableScriptedObjects (41ms)
			BackupInstance (0ms)
			ReleaseScriptingObjects (0ms)
			CreateAndSetChildDomain (205ms)
		EndReloadAssembly (9761ms)
			LoadAssemblies (889ms)
			RebuildTransferFunctionScriptingTraits (0ms)
			SetupTypeCache (3259ms)
			ReleaseScriptCaches (7ms)
			RebuildScriptCaches (383ms)
			SetupLoadedEditorAssemblies (3249ms)
				LogAssemblyErrors (0ms)
				InitializePlatformSupportModulesInManaged (36ms)
				SetLoadedEditorAssemblies (3ms)
				RefreshPlugins (4ms)
				BeforeProcessingInitializeOnLoad (1084ms)
				ProcessInitializeOnLoadAttributes (1925ms)
				ProcessInitializeOnLoadMethodAttributes (103ms)
				AfterProcessingInitializeOnLoad (93ms)
				EditorAssembliesLoaded (1ms)
			ExecutionOrderSort2 (0ms)
			AwakeInstancesAfterBackupRestoration (79ms)
Platform modules already initialized, skipping
Script is not up to date after domain reload: guid(841cf2cc515591e45ba3c03ee3ddf562) path("Assets/CutRope/Trigrope.cs") state(2)
Switching build target platform(19) subTarget(0) extendedPlatform(0) -> platform(13) subTarget(537395200) extendedPlatform(0)
Refreshing native plugins compatible for Editor in 1.85 ms, found 3 plugins.
Preloading 0 native plugins for Editor in 0.00 ms.
Unloading 3906 Unused Serialized files (Serialized files now loaded: 0)
System memory in use before: 158.1 MB.
System memory in use after: 158.3 MB.

Unloading 47 unused Assets to reduce memory usage. Loaded Objects now: 4476.
Total: 6.320100 ms (FindLiveObjects: 0.404700 ms CreateObjectMapping: 0.222500 ms MarkObjects: 5.579300 ms  DeleteObjects: 0.111200 ms)

AssetImportParameters requested are different than current active one (requested -> active):
  custom:framework-win-MediaFoundation: 216162199b28c13a410421893ffa2e32 -> 
  custom:video-decoder-ogg-theora: a1e56fd34408186e4bbccfd4996cb3dc -> 
  custom:container-muxer-webm: aa71ff27fc2769a1b78a27578f13a17b -> 
  custom:container-demuxer-webm: 4f35f7cbe854078d1ac9338744f61a02 -> 
  custom:container-demuxer-ogg: 62fdf1f143b41e24485cea50d1cbac27 -> 
  custom:video-encoder-webm-vp8: eb34c28f22e8b96e1ab97ce403110664 -> 
  custom:video-decoder-webm-vp8: 9c59270c3fd7afecdb556c50c9e8de78 -> 
  custom:graphics/normal-map-encoding: 01000000000000000000000000000000 -> 02000000000000000000000000000000
  custom:audio-decoder-ogg-vorbis: bf7c407c2cedff20999df2af8eb42d56 -> 
  custom:audio-encoder-webm-vorbis: bf7c407c2cedff20999df2af8eb42d56 -> 
========================================================================
Received Import Request.
  Time since last request: 126.054545 seconds.
  path: Assets/CutRope/Trigrope.cs
  artifactKey: Guid(841cf2cc515591e45ba3c03ee3ddf562) Importer(815301076,1909f56bfc062723c751e8b465ee728b)
Start importing Assets/CutRope/Trigrope.cs using Guid(841cf2cc515591e45ba3c03ee3ddf562) Importer(815301076,1909f56bfc062723c751e8b465ee728b)  -> (artifact id: '94bef7a9f238d55fdf3c8bf6209bc8b0') in 0.019688 seconds 
  Import took 0.029546 seconds .

========================================================================
Received Prepare
Registering precompiled user dll's ...
Registered in 0.107135 seconds.
Begin MonoManager ReloadAssembly
Native extension for WindowsStandalone target not found
Native extension for WebGL target not found
Refreshing native plugins compatible for Editor in 3.17 ms, found 3 plugins.
Preloading 0 native plugins for Editor in 0.00 ms.
Mono: successfully reloaded assembly
- Completed reload, in 15.875 seconds
Domain Reload Profiling:
	ReloadAssembly (15879ms)
		BeginReloadAssembly (731ms)
			ExecutionOrderSort (0ms)
			DisableScriptedObjects (38ms)
			BackupInstance (0ms)
			ReleaseScriptingObjects (0ms)
			CreateAndSetChildDomain (192ms)
		EndReloadAssembly (14010ms)
			LoadAssemblies (947ms)
			RebuildTransferFunctionScriptingTraits (0ms)
			SetupTypeCache (9337ms)
			ReleaseScriptCaches (5ms)
			RebuildScriptCaches (853ms)
			SetupLoadedEditorAssemblies (1500ms)
				LogAssemblyErrors (0ms)
				InitializePlatformSupportModulesInManaged (18ms)
				SetLoadedEditorAssemblies (2ms)
				RefreshPlugins (4ms)
				BeforeProcessingInitializeOnLoad (747ms)
				ProcessInitializeOnLoadAttributes (674ms)
				ProcessInitializeOnLoadMethodAttributes (21ms)
				AfterProcessingInitializeOnLoad (34ms)
				EditorAssembliesLoaded (0ms)
			ExecutionOrderSort2 (0ms)
			AwakeInstancesAfterBackupRestoration (18ms)
Platform modules already initialized, skipping
Switching build target platform(19) subTarget(0) extendedPlatform(0) -> platform(13) subTarget(537395200) extendedPlatform(0)
Refreshing native plugins compatible for Editor in 10.69 ms, found 3 plugins.
Preloading 0 native plugins for Editor in 0.00 ms.
Unloading 3907 Unused Serialized files (Serialized files now loaded: 0)
System memory in use before: 158.1 MB.
System memory in use after: 158.3 MB.

Unloading 47 unused Assets to reduce memory usage. Loaded Objects now: 4479.
Total: 48.801400 ms (FindLiveObjects: 29.072000 ms CreateObjectMapping: 1.036300 ms MarkObjects: 18.486500 ms  DeleteObjects: 0.203000 ms)

AssetImportParameters requested are different than current active one (requested -> active):
  custom:framework-win-MediaFoundation: 216162199b28c13a410421893ffa2e32 -> 
  custom:video-decoder-ogg-theora: a1e56fd34408186e4bbccfd4996cb3dc -> 
  custom:container-muxer-webm: aa71ff27fc2769a1b78a27578f13a17b -> 
  custom:container-demuxer-webm: 4f35f7cbe854078d1ac9338744f61a02 -> 
  custom:container-demuxer-ogg: 62fdf1f143b41e24485cea50d1cbac27 -> 
  custom:video-encoder-webm-vp8: eb34c28f22e8b96e1ab97ce403110664 -> 
  custom:video-decoder-webm-vp8: 9c59270c3fd7afecdb556c50c9e8de78 -> 
  custom:graphics/normal-map-encoding: 01000000000000000000000000000000 -> 02000000000000000000000000000000
  custom:audio-decoder-ogg-vorbis: bf7c407c2cedff20999df2af8eb42d56 -> 
  custom:audio-encoder-webm-vorbis: bf7c407c2cedff20999df2af8eb42d56 -> 
========================================================================
Received Prepare
Registering precompiled user dll's ...
Registered in 0.462743 seconds.
Begin MonoManager ReloadAssembly
Native extension for WindowsStandalone target not found
Native extension for WebGL target not found
Refreshing native plugins compatible for Editor in 3.69 ms, found 3 plugins.
Preloading 0 native plugins for Editor in 0.00 ms.
Mono: successfully reloaded assembly
- Completed reload, in 13.760 seconds
Domain Reload Profiling:
	ReloadAssembly (13764ms)
		BeginReloadAssembly (1011ms)
			ExecutionOrderSort (0ms)
			DisableScriptedObjects (59ms)
			BackupInstance (0ms)
			ReleaseScriptingObjects (0ms)
			CreateAndSetChildDomain (201ms)
		EndReloadAssembly (12273ms)
			LoadAssemblies (1147ms)
			RebuildTransferFunctionScriptingTraits (1ms)
			SetupTypeCache (4292ms)
			ReleaseScriptCaches (8ms)
			RebuildScriptCaches (536ms)
			SetupLoadedEditorAssemblies (4281ms)
				LogAssemblyErrors (0ms)
				InitializePlatformSupportModulesInManaged (32ms)
				SetLoadedEditorAssemblies (3ms)
				RefreshPlugins (4ms)
				BeforeProcessingInitializeOnLoad (942ms)
				ProcessInitializeOnLoadAttributes (2962ms)
				ProcessInitializeOnLoadMethodAttributes (215ms)
				AfterProcessingInitializeOnLoad (120ms)
				EditorAssembliesLoaded (2ms)
			ExecutionOrderSort2 (0ms)
			AwakeInstancesAfterBackupRestoration (71ms)
Platform modules already initialized, skipping
Switching build target platform(19) subTarget(0) extendedPlatform(0) -> platform(13) subTarget(537395200) extendedPlatform(0)
Refreshing native plugins compatible for Editor in 4.93 ms, found 3 plugins.
Preloading 0 native plugins for Editor in 0.00 ms.
Unloading 3907 Unused Serialized files (Serialized files now loaded: 0)
System memory in use before: 158.1 MB.
System memory in use after: 158.3 MB.

Unloading 47 unused Assets to reduce memory usage. Loaded Objects now: 4481.
Total: 16.732500 ms (FindLiveObjects: 0.806800 ms CreateObjectMapping: 0.918500 ms MarkObjects: 14.726200 ms  DeleteObjects: 0.276600 ms)

AssetImportParameters requested are different than current active one (requested -> active):
  custom:framework-win-MediaFoundation: 216162199b28c13a410421893ffa2e32 -> 
  custom:video-decoder-ogg-theora: a1e56fd34408186e4bbccfd4996cb3dc -> 
  custom:container-muxer-webm: aa71ff27fc2769a1b78a27578f13a17b -> 
  custom:container-demuxer-webm: 4f35f7cbe854078d1ac9338744f61a02 -> 
  custom:container-demuxer-ogg: 62fdf1f143b41e24485cea50d1cbac27 -> 
  custom:video-encoder-webm-vp8: eb34c28f22e8b96e1ab97ce403110664 -> 
  custom:video-decoder-webm-vp8: 9c59270c3fd7afecdb556c50c9e8de78 -> 
  custom:graphics/normal-map-encoding: 01000000000000000000000000000000 -> 02000000000000000000000000000000
  custom:audio-decoder-ogg-vorbis: bf7c407c2cedff20999df2af8eb42d56 -> 
  custom:audio-encoder-webm-vorbis: bf7c407c2cedff20999df2af8eb42d56 -> 
========================================================================
Received Import Request.
  Time since last request: 115.863044 seconds.
  path: Assets/CutRope/Trigrope.cs
  artifactKey: Guid(841cf2cc515591e45ba3c03ee3ddf562) Importer(815301076,1909f56bfc062723c751e8b465ee728b)
Start importing Assets/CutRope/Trigrope.cs using Guid(841cf2cc515591e45ba3c03ee3ddf562) Importer(815301076,1909f56bfc062723c751e8b465ee728b)  -> (artifact id: '9357d5909c0d406575e7e1cf0d90a5f0') in 0.043133 seconds 
  Import took 0.080506 seconds .

========================================================================
Received Import Request.
  Time since last request: 164.356665 seconds.
  path: Assets/CutRope/RopeManagerLV.cs
  artifactKey: Guid(28f1598326f00144f9b899f1f6c3f7c2) Importer(815301076,1909f56bfc062723c751e8b465ee728b)
Start importing Assets/CutRope/RopeManagerLV.cs using Guid(28f1598326f00144f9b899f1f6c3f7c2) Importer(815301076,1909f56bfc062723c751e8b465ee728b)  -> (artifact id: '32edc4ad238bb59a959bea4b591e4c4d') in 0.036765 seconds 
  Import took 0.082832 seconds .

========================================================================
Received Prepare
Registering precompiled user dll's ...
Registered in 0.560502 seconds.
Begin MonoManager ReloadAssembly
Native extension for WindowsStandalone target not found
Native extension for WebGL target not found
Refreshing native plugins compatible for Editor in 3.27 ms, found 3 plugins.
Preloading 0 native plugins for Editor in 0.00 ms.
Mono: successfully reloaded assembly
- Completed reload, in 10.394 seconds
Domain Reload Profiling:
	ReloadAssembly (10397ms)
		BeginReloadAssembly (438ms)
			ExecutionOrderSort (0ms)
			DisableScriptedObjects (28ms)
			BackupInstance (0ms)
			ReleaseScriptingObjects (0ms)
			CreateAndSetChildDomain (168ms)
		EndReloadAssembly (9846ms)
			LoadAssemblies (568ms)
			RebuildTransferFunctionScriptingTraits (0ms)
			SetupTypeCache (3762ms)
			ReleaseScriptCaches (5ms)
			RebuildScriptCaches (338ms)
			SetupLoadedEditorAssemblies (2891ms)
				LogAssemblyErrors (0ms)
				InitializePlatformSupportModulesInManaged (37ms)
				SetLoadedEditorAssemblies (3ms)
				RefreshPlugins (4ms)
				BeforeProcessingInitializeOnLoad (945ms)
				ProcessInitializeOnLoadAttributes (1745ms)
				ProcessInitializeOnLoadMethodAttributes (83ms)
				AfterProcessingInitializeOnLoad (73ms)
				EditorAssembliesLoaded (1ms)
			ExecutionOrderSort2 (0ms)
			AwakeInstancesAfterBackupRestoration (65ms)
Platform modules already initialized, skipping
Switching build target platform(19) subTarget(0) extendedPlatform(0) -> platform(13) subTarget(537395200) extendedPlatform(0)
Refreshing native plugins compatible for Editor in 3.86 ms, found 3 plugins.
Preloading 0 native plugins for Editor in 0.00 ms.
Unloading 3907 Unused Serialized files (Serialized files now loaded: 0)
System memory in use before: 158.1 MB.
System memory in use after: 158.3 MB.

Unloading 47 unused Assets to reduce memory usage. Loaded Objects now: 4483.
Total: 23.142900 ms (FindLiveObjects: 1.708900 ms CreateObjectMapping: 1.503200 ms MarkObjects: 19.560700 ms  DeleteObjects: 0.364900 ms)

AssetImportParameters requested are different than current active one (requested -> active):
  custom:framework-win-MediaFoundation: 216162199b28c13a410421893ffa2e32 -> 
  custom:video-decoder-ogg-theora: a1e56fd34408186e4bbccfd4996cb3dc -> 
  custom:container-muxer-webm: aa71ff27fc2769a1b78a27578f13a17b -> 
  custom:container-demuxer-webm: 4f35f7cbe854078d1ac9338744f61a02 -> 
  custom:container-demuxer-ogg: 62fdf1f143b41e24485cea50d1cbac27 -> 
  custom:video-encoder-webm-vp8: eb34c28f22e8b96e1ab97ce403110664 -> 
  custom:video-decoder-webm-vp8: 9c59270c3fd7afecdb556c50c9e8de78 -> 
  custom:graphics/normal-map-encoding: 01000000000000000000000000000000 -> 02000000000000000000000000000000
  custom:audio-decoder-ogg-vorbis: bf7c407c2cedff20999df2af8eb42d56 -> 
  custom:audio-encoder-webm-vorbis: bf7c407c2cedff20999df2af8eb42d56 -> 
========================================================================
Received Prepare
Registering precompiled user dll's ...
Registered in 0.416779 seconds.
Begin MonoManager ReloadAssembly
Native extension for WindowsStandalone target not found
Native extension for WebGL target not found
Refreshing native plugins compatible for Editor in 4.08 ms, found 3 plugins.
Preloading 0 native plugins for Editor in 0.00 ms.
Mono: successfully reloaded assembly
- Completed reload, in  7.669 seconds
Domain Reload Profiling:
	ReloadAssembly (7673ms)
		BeginReloadAssembly (294ms)
			ExecutionOrderSort (0ms)
			DisableScriptedObjects (70ms)
			BackupInstance (0ms)
			ReleaseScriptingObjects (0ms)
			CreateAndSetChildDomain (55ms)
		EndReloadAssembly (7235ms)
			LoadAssemblies (202ms)
			RebuildTransferFunctionScriptingTraits (0ms)
			SetupTypeCache (2130ms)
			ReleaseScriptCaches (5ms)
			RebuildScriptCaches (305ms)
			SetupLoadedEditorAssemblies (2696ms)
				LogAssemblyErrors (0ms)
				InitializePlatformSupportModulesInManaged (33ms)
				SetLoadedEditorAssemblies (3ms)
				RefreshPlugins (5ms)
				BeforeProcessingInitializeOnLoad (843ms)
				ProcessInitializeOnLoadAttributes (1637ms)
				ProcessInitializeOnLoadMethodAttributes (90ms)
				AfterProcessingInitializeOnLoad (84ms)
				EditorAssembliesLoaded (1ms)
			ExecutionOrderSort2 (0ms)
			AwakeInstancesAfterBackupRestoration (78ms)
Platform modules already initialized, skipping
Switching build target platform(19) subTarget(0) extendedPlatform(0) -> platform(13) subTarget(537395200) extendedPlatform(0)
Refreshing native plugins compatible for Editor in 6.78 ms, found 3 plugins.
Preloading 0 native plugins for Editor in 0.00 ms.
Unloading 3907 Unused Serialized files (Serialized files now loaded: 0)
System memory in use before: 158.1 MB.
System memory in use after: 158.4 MB.

Unloading 47 unused Assets to reduce memory usage. Loaded Objects now: 4485.
Total: 16.539900 ms (FindLiveObjects: 0.903500 ms CreateObjectMapping: 0.899800 ms MarkObjects: 14.450200 ms  DeleteObjects: 0.281400 ms)

AssetImportParameters requested are different than current active one (requested -> active):
  custom:framework-win-MediaFoundation: 216162199b28c13a410421893ffa2e32 -> 
  custom:video-decoder-ogg-theora: a1e56fd34408186e4bbccfd4996cb3dc -> 
  custom:container-muxer-webm: aa71ff27fc2769a1b78a27578f13a17b -> 
  custom:container-demuxer-webm: 4f35f7cbe854078d1ac9338744f61a02 -> 
  custom:container-demuxer-ogg: 62fdf1f143b41e24485cea50d1cbac27 -> 
  custom:video-encoder-webm-vp8: eb34c28f22e8b96e1ab97ce403110664 -> 
  custom:video-decoder-webm-vp8: 9c59270c3fd7afecdb556c50c9e8de78 -> 
  custom:graphics/normal-map-encoding: 01000000000000000000000000000000 -> 02000000000000000000000000000000
  custom:audio-decoder-ogg-vorbis: bf7c407c2cedff20999df2af8eb42d56 -> 
  custom:audio-encoder-webm-vorbis: bf7c407c2cedff20999df2af8eb42d56 -> 
========================================================================
Received Import Request.
  Time since last request: 537.863337 seconds.
  path: Assets/Scenes/LB95.unity
  artifactKey: Guid(6841b6630c861ca4cb3cdd23aec9eb2a) Importer(815301076,1909f56bfc062723c751e8b465ee728b)
Start importing Assets/Scenes/LB95.unity using Guid(6841b6630c861ca4cb3cdd23aec9eb2a) Importer(815301076,1909f56bfc062723c751e8b465ee728b)  -> (artifact id: '0fb9576f8fa539358a9c28f7285c295f') in 0.205001 seconds 
  Import took 0.309109 seconds .

========================================================================
Received Import Request.
  Time since last request: 682.327737 seconds.
  path: Assets/Scenes/cut.png
  artifactKey: Guid(ea451c77d8850bd4594e7d41ab62471e) Importer(815301076,1909f56bfc062723c751e8b465ee728b)
Start importing Assets/Scenes/cut.png using Guid(ea451c77d8850bd4594e7d41ab62471e) Importer(815301076,1909f56bfc062723c751e8b465ee728b)  -> (artifact id: '0c977759e1c6917757a28acbb1e06a0f') in 0.151605 seconds 
  Import took 0.167899 seconds .

========================================================================
Received Import Request.
  Time since last request: 0.000442 seconds.
  path: Assets/Scenes/xonix.png
  artifactKey: Guid(f266e68b340df5d4fa24d6ebeb1c8406) Importer(815301076,1909f56bfc062723c751e8b465ee728b)
Start importing Assets/Scenes/xonix.png using Guid(f266e68b340df5d4fa24d6ebeb1c8406) Importer(815301076,1909f56bfc062723c751e8b465ee728b)  -> (artifact id: 'da80bd732d5cb331505218a45ef376e1') in 0.069337 seconds 
  Import took 0.080678 seconds .

========================================================================
Received Prepare
Registering precompiled user dll's ...
Registered in 0.142947 seconds.
Begin MonoManager ReloadAssembly
Native extension for WindowsStandalone target not found
Native extension for WebGL target not found
Refreshing native plugins compatible for Editor in 4.15 ms, found 3 plugins.
Preloading 0 native plugins for Editor in 0.00 ms.
Mono: successfully reloaded assembly
- Completed reload, in  8.843 seconds
Domain Reload Profiling:
	ReloadAssembly (8846ms)
		BeginReloadAssembly (795ms)
			ExecutionOrderSort (0ms)
			DisableScriptedObjects (40ms)
			BackupInstance (0ms)
			ReleaseScriptingObjects (0ms)
			CreateAndSetChildDomain (242ms)
		EndReloadAssembly (7601ms)
			LoadAssemblies (794ms)
			RebuildTransferFunctionScriptingTraits (0ms)
			SetupTypeCache (2438ms)
			ReleaseScriptCaches (5ms)
			RebuildScriptCaches (315ms)
			SetupLoadedEditorAssemblies (2378ms)
				LogAssemblyErrors (0ms)
				InitializePlatformSupportModulesInManaged (30ms)
				SetLoadedEditorAssemblies (3ms)
				RefreshPlugins (5ms)
				BeforeProcessingInitializeOnLoad (768ms)
				ProcessInitializeOnLoadAttributes (1434ms)
				ProcessInitializeOnLoadMethodAttributes (65ms)
				AfterProcessingInitializeOnLoad (73ms)
				EditorAssembliesLoaded (1ms)
			ExecutionOrderSort2 (0ms)
			AwakeInstancesAfterBackupRestoration (49ms)
Platform modules already initialized, skipping
Switching build target platform(19) subTarget(0) extendedPlatform(0) -> platform(13) subTarget(537395200) extendedPlatform(0)
Refreshing native plugins compatible for Editor in 3.52 ms, found 3 plugins.
Preloading 0 native plugins for Editor in 0.00 ms.
Unloading 3907 Unused Serialized files (Serialized files now loaded: 0)
System memory in use before: 158.1 MB.
System memory in use after: 158.4 MB.

Unloading 47 unused Assets to reduce memory usage. Loaded Objects now: 4488.
Total: 17.154500 ms (FindLiveObjects: 0.981300 ms CreateObjectMapping: 0.947000 ms MarkObjects: 14.976400 ms  DeleteObjects: 0.245500 ms)

AssetImportParameters requested are different than current active one (requested -> active):
  custom:framework-win-MediaFoundation: 216162199b28c13a410421893ffa2e32 -> 
  custom:video-decoder-ogg-theora: a1e56fd34408186e4bbccfd4996cb3dc -> 
  custom:container-muxer-webm: aa71ff27fc2769a1b78a27578f13a17b -> 
  custom:container-demuxer-webm: 4f35f7cbe854078d1ac9338744f61a02 -> 
  custom:container-demuxer-ogg: 62fdf1f143b41e24485cea50d1cbac27 -> 
  custom:video-encoder-webm-vp8: eb34c28f22e8b96e1ab97ce403110664 -> 
  custom:video-decoder-webm-vp8: 9c59270c3fd7afecdb556c50c9e8de78 -> 
  custom:graphics/normal-map-encoding: 01000000000000000000000000000000 -> 02000000000000000000000000000000
  custom:audio-decoder-ogg-vorbis: bf7c407c2cedff20999df2af8eb42d56 -> 
  custom:audio-encoder-webm-vorbis: bf7c407c2cedff20999df2af8eb42d56 -> 
========================================================================
Received Prepare
Registering precompiled user dll's ...
Registered in 0.341358 seconds.
Begin MonoManager ReloadAssembly
Native extension for WindowsStandalone target not found
Native extension for WebGL target not found
Refreshing native plugins compatible for Editor in 3.64 ms, found 3 plugins.
Preloading 0 native plugins for Editor in 0.00 ms.
Mono: successfully reloaded assembly
- Completed reload, in 15.390 seconds
Domain Reload Profiling:
	ReloadAssembly (15394ms)
		BeginReloadAssembly (1854ms)
			ExecutionOrderSort (0ms)
			DisableScriptedObjects (59ms)
			BackupInstance (0ms)
			ReleaseScriptingObjects (0ms)
			CreateAndSetChildDomain (795ms)
		EndReloadAssembly (12868ms)
			LoadAssemblies (1272ms)
			RebuildTransferFunctionScriptingTraits (0ms)
			SetupTypeCache (3926ms)
			ReleaseScriptCaches (7ms)
			RebuildScriptCaches (710ms)
			SetupLoadedEditorAssemblies (3924ms)
				LogAssemblyErrors (0ms)
				InitializePlatformSupportModulesInManaged (34ms)
				SetLoadedEditorAssemblies (3ms)
				RefreshPlugins (4ms)
				BeforeProcessingInitializeOnLoad (1077ms)
				ProcessInitializeOnLoadAttributes (2622ms)
				ProcessInitializeOnLoadMethodAttributes (73ms)
				AfterProcessingInitializeOnLoad (110ms)
				EditorAssembliesLoaded (2ms)
			ExecutionOrderSort2 (0ms)
			AwakeInstancesAfterBackupRestoration (53ms)
Platform modules already initialized, skipping
Switching build target platform(19) subTarget(0) extendedPlatform(0) -> platform(13) subTarget(537395200) extendedPlatform(0)
Refreshing native plugins compatible for Editor in 3.59 ms, found 3 plugins.
Preloading 0 native plugins for Editor in 0.00 ms.
Unloading 3907 Unused Serialized files (Serialized files now loaded: 0)
System memory in use before: 158.1 MB.
System memory in use after: 158.4 MB.

Unloading 47 unused Assets to reduce memory usage. Loaded Objects now: 4490.
Total: 16.380400 ms (FindLiveObjects: 0.844600 ms CreateObjectMapping: 0.931700 ms MarkObjects: 14.379800 ms  DeleteObjects: 0.220000 ms)

AssetImportParameters requested are different than current active one (requested -> active):
  custom:framework-win-MediaFoundation: 216162199b28c13a410421893ffa2e32 -> 
  custom:video-decoder-ogg-theora: a1e56fd34408186e4bbccfd4996cb3dc -> 
  custom:container-muxer-webm: aa71ff27fc2769a1b78a27578f13a17b -> 
  custom:container-demuxer-webm: 4f35f7cbe854078d1ac9338744f61a02 -> 
  custom:container-demuxer-ogg: 62fdf1f143b41e24485cea50d1cbac27 -> 
  custom:video-encoder-webm-vp8: eb34c28f22e8b96e1ab97ce403110664 -> 
  custom:video-decoder-webm-vp8: 9c59270c3fd7afecdb556c50c9e8de78 -> 
  custom:graphics/normal-map-encoding: 01000000000000000000000000000000 -> 02000000000000000000000000000000
  custom:audio-decoder-ogg-vorbis: bf7c407c2cedff20999df2af8eb42d56 -> 
  custom:audio-encoder-webm-vorbis: bf7c407c2cedff20999df2af8eb42d56 -> 
========================================================================
Received Import Request.
  Time since last request: 352.901517 seconds.
  path: Assets/Scenes/Xonix.unity
  artifactKey: Guid(f75b9ddee1ea44144885480c2d191412) Importer(815301076,1909f56bfc062723c751e8b465ee728b)
Start importing Assets/Scenes/Xonix.unity using Guid(f75b9ddee1ea44144885480c2d191412) Importer(815301076,1909f56bfc062723c751e8b465ee728b)  -> (artifact id: '4f10df8a7a388328e4d6c45a0eb1d1ea') in 0.125087 seconds 
  Import took 0.168040 seconds .

========================================================================
Received Import Request.
  Time since last request: 16.443537 seconds.
  path: Assets/CutRope/Rope1.unity
  artifactKey: Guid(3f031a4a91e2f0c4ebd62559de78c0b1) Importer(815301076,1909f56bfc062723c751e8b465ee728b)
Start importing Assets/CutRope/Rope1.unity using Guid(3f031a4a91e2f0c4ebd62559de78c0b1) Importer(815301076,1909f56bfc062723c751e8b465ee728b)  -> (artifact id: '7bfe54388ffb120e889672e16ea96afc') in 0.048139 seconds 
  Import took 0.081804 seconds .

========================================================================
Received Import Request.
  Time since last request: 12.536019 seconds.
  path: Assets/CutRope/RopeLevels.unity
  artifactKey: Guid(58a825868ccf8c64fb157b41c47291c9) Importer(815301076,1909f56bfc062723c751e8b465ee728b)
Start importing Assets/CutRope/RopeLevels.unity using Guid(58a825868ccf8c64fb157b41c47291c9) Importer(815301076,1909f56bfc062723c751e8b465ee728b)  -> (artifact id: '9944a233e646f199978ac46138cf2fa1') in 0.028756 seconds 
  Import took 0.067288 seconds .

========================================================================
Received Import Request.
  Time since last request: 7.732847 seconds.
  path: Assets/CutRope/Rope1.unity
  artifactKey: Guid(3f031a4a91e2f0c4ebd62559de78c0b1) Importer(815301076,1909f56bfc062723c751e8b465ee728b)
Start importing Assets/CutRope/Rope1.unity using Guid(3f031a4a91e2f0c4ebd62559de78c0b1) Importer(815301076,1909f56bfc062723c751e8b465ee728b)  -> (artifact id: '79e7ceac1dfb018c5985169384c17452') in 0.029034 seconds 
  Import took 0.063809 seconds .

========================================================================
Received Import Request.
  Time since last request: 15.184190 seconds.
  path: Assets/Scenes/LB95.unity
  artifactKey: Guid(6841b6630c861ca4cb3cdd23aec9eb2a) Importer(815301076,1909f56bfc062723c751e8b465ee728b)
Start importing Assets/Scenes/LB95.unity using Guid(6841b6630c861ca4cb3cdd23aec9eb2a) Importer(815301076,1909f56bfc062723c751e8b465ee728b)  -> (artifact id: '6fe86fbcbf353992ef5f7a4400c64f44') in 0.032386 seconds 
  Import took 0.067550 seconds .

========================================================================
Received Prepare
Registering precompiled user dll's ...
Registered in 0.440722 seconds.
Begin MonoManager ReloadAssembly
Native extension for WindowsStandalone target not found
Native extension for WebGL target not found
Refreshing native plugins compatible for Editor in 2.07 ms, found 3 plugins.
Preloading 0 native plugins for Editor in 0.00 ms.
Mono: successfully reloaded assembly
- Completed reload, in  4.435 seconds
Domain Reload Profiling:
	ReloadAssembly (4437ms)
		BeginReloadAssembly (395ms)
			ExecutionOrderSort (0ms)
			DisableScriptedObjects (16ms)
			BackupInstance (0ms)
			ReleaseScriptingObjects (0ms)
			CreateAndSetChildDomain (113ms)
		EndReloadAssembly (3795ms)
			LoadAssemblies (417ms)
			RebuildTransferFunctionScriptingTraits (1ms)
			SetupTypeCache (1418ms)
			ReleaseScriptCaches (3ms)
			RebuildScriptCaches (167ms)
			SetupLoadedEditorAssemblies (1093ms)
				LogAssemblyErrors (0ms)
				InitializePlatformSupportModulesInManaged (17ms)
				SetLoadedEditorAssemblies (1ms)
				RefreshPlugins (3ms)
				BeforeProcessingInitializeOnLoad (355ms)
				ProcessInitializeOnLoadAttributes (662ms)
				ProcessInitializeOnLoadMethodAttributes (29ms)
				AfterProcessingInitializeOnLoad (26ms)
				EditorAssembliesLoaded (0ms)
			ExecutionOrderSort2 (0ms)
			AwakeInstancesAfterBackupRestoration (32ms)
Platform modules already initialized, skipping
Switching build target platform(19) subTarget(0) extendedPlatform(0) -> platform(13) subTarget(537395200) extendedPlatform(0)
Refreshing native plugins compatible for Editor in 2.28 ms, found 3 plugins.
Preloading 0 native plugins for Editor in 0.00 ms.
Unloading 3907 Unused Serialized files (Serialized files now loaded: 0)
System memory in use before: 158.2 MB.
System memory in use after: 158.4 MB.

Unloading 47 unused Assets to reduce memory usage. Loaded Objects now: 4492.
Total: 18.608800 ms (FindLiveObjects: 1.514100 ms CreateObjectMapping: 0.778000 ms MarkObjects: 16.160900 ms  DeleteObjects: 0.152500 ms)

AssetImportParameters requested are different than current active one (requested -> active):
  custom:framework-win-MediaFoundation: 216162199b28c13a410421893ffa2e32 -> 
  custom:video-decoder-ogg-theora: a1e56fd34408186e4bbccfd4996cb3dc -> 
  custom:container-muxer-webm: aa71ff27fc2769a1b78a27578f13a17b -> 
  custom:container-demuxer-webm: 4f35f7cbe854078d1ac9338744f61a02 -> 
  custom:container-demuxer-ogg: 62fdf1f143b41e24485cea50d1cbac27 -> 
  custom:video-encoder-webm-vp8: eb34c28f22e8b96e1ab97ce403110664 -> 
  custom:video-decoder-webm-vp8: 9c59270c3fd7afecdb556c50c9e8de78 -> 
  custom:graphics/normal-map-encoding: 01000000000000000000000000000000 -> 02000000000000000000000000000000
  custom:audio-decoder-ogg-vorbis: bf7c407c2cedff20999df2af8eb42d56 -> 
  custom:audio-encoder-webm-vorbis: bf7c407c2cedff20999df2af8eb42d56 -> 
========================================================================
Received Import Request.
  Time since last request: 213.262061 seconds.
  path: Assets/Scenes/Xonix.unity
  artifactKey: Guid(f75b9ddee1ea44144885480c2d191412) Importer(815301076,1909f56bfc062723c751e8b465ee728b)
Start importing Assets/Scenes/Xonix.unity using Guid(f75b9ddee1ea44144885480c2d191412) Importer(815301076,1909f56bfc062723c751e8b465ee728b)  -> (artifact id: '673cc7f7828cd9f3ac800da5c405ad8f') in 0.128345 seconds 
  Import took 0.193250 seconds .

========================================================================
Received Import Request.
  Time since last request: 17.691900 seconds.
  path: Assets/Scenes/DefScKIT.cs
  artifactKey: Guid(f92684265d3308d49ad07bfc1e123d2c) Importer(815301076,1909f56bfc062723c751e8b465ee728b)
Start importing Assets/Scenes/DefScKIT.cs using Guid(f92684265d3308d49ad07bfc1e123d2c) Importer(815301076,1909f56bfc062723c751e8b465ee728b)  -> (artifact id: '0611b333c8d3523b031b86106cab8497') in 0.106140 seconds 
  Import took 0.138322 seconds .

========================================================================
Received Import Request.
  Time since last request: 32.588647 seconds.
  path: Assets/Scenes/testtts.cs
  artifactKey: Guid(f5ef1459d7fb1a34ca76d25826997d31) Importer(815301076,1909f56bfc062723c751e8b465ee728b)
Start importing Assets/Scenes/testtts.cs using Guid(f5ef1459d7fb1a34ca76d25826997d31) Importer(815301076,1909f56bfc062723c751e8b465ee728b)  -> (artifact id: '060ad1216a11bb5bb08b35d77ba3327e') in 0.165783 seconds 
  Import took 1.114839 seconds .

========================================================================
Received Prepare
Registering precompiled user dll's ...
Registered in 0.049690 seconds.
Begin MonoManager ReloadAssembly
Native extension for WindowsStandalone target not found
Native extension for WebGL target not found
Refreshing native plugins compatible for Editor in 4.98 ms, found 3 plugins.
Preloading 0 native plugins for Editor in 0.00 ms.
Mono: successfully reloaded assembly
- Completed reload, in 15.055 seconds
Domain Reload Profiling:
	ReloadAssembly (15058ms)
		BeginReloadAssembly (642ms)
			ExecutionOrderSort (0ms)
			DisableScriptedObjects (9ms)
			BackupInstance (0ms)
			ReleaseScriptingObjects (0ms)
			CreateAndSetChildDomain (57ms)
		EndReloadAssembly (12548ms)
			LoadAssemblies (1107ms)
			RebuildTransferFunctionScriptingTraits (0ms)
			SetupTypeCache (5229ms)
			ReleaseScriptCaches (12ms)
			RebuildScriptCaches (1189ms)
			SetupLoadedEditorAssemblies (2509ms)
				LogAssemblyErrors (0ms)
				InitializePlatformSupportModulesInManaged (30ms)
				SetLoadedEditorAssemblies (10ms)
				RefreshPlugins (5ms)
				BeforeProcessingInitializeOnLoad (1142ms)
				ProcessInitializeOnLoadAttributes (1187ms)
				ProcessInitializeOnLoadMethodAttributes (53ms)
				AfterProcessingInitializeOnLoad (79ms)
				EditorAssembliesLoaded (2ms)
			ExecutionOrderSort2 (0ms)
			AwakeInstancesAfterBackupRestoration (69ms)
Platform modules already initialized, skipping
Switching build target platform(19) subTarget(0) extendedPlatform(0) -> platform(13) subTarget(537395200) extendedPlatform(0)
Refreshing native plugins compatible for Editor in 3.59 ms, found 3 plugins.
Preloading 0 native plugins for Editor in 0.00 ms.
Unloading 3908 Unused Serialized files (Serialized files now loaded: 0)
System memory in use before: 158.2 MB.
System memory in use after: 158.4 MB.

Unloading 47 unused Assets to reduce memory usage. Loaded Objects now: 4495.
Total: 33.381000 ms (FindLiveObjects: 2.148400 ms CreateObjectMapping: 1.096100 ms MarkObjects: 29.844900 ms  DeleteObjects: 0.286400 ms)

AssetImportParameters requested are different than current active one (requested -> active):
  custom:framework-win-MediaFoundation: 216162199b28c13a410421893ffa2e32 -> 
  custom:video-decoder-ogg-theora: a1e56fd34408186e4bbccfd4996cb3dc -> 
  custom:container-muxer-webm: aa71ff27fc2769a1b78a27578f13a17b -> 
  custom:container-demuxer-webm: 4f35f7cbe854078d1ac9338744f61a02 -> 
  custom:container-demuxer-ogg: 62fdf1f143b41e24485cea50d1cbac27 -> 
  custom:video-encoder-webm-vp8: eb34c28f22e8b96e1ab97ce403110664 -> 
  custom:video-decoder-webm-vp8: 9c59270c3fd7afecdb556c50c9e8de78 -> 
  custom:graphics/normal-map-encoding: 01000000000000000000000000000000 -> 02000000000000000000000000000000
  custom:audio-decoder-ogg-vorbis: bf7c407c2cedff20999df2af8eb42d56 -> 
  custom:audio-encoder-webm-vorbis: bf7c407c2cedff20999df2af8eb42d56 -> 
========================================================================
Received Prepare
Registering precompiled user dll's ...
Registered in 0.916627 seconds.
Begin MonoManager ReloadAssembly
Native extension for WindowsStandalone target not found
Native extension for WebGL target not found
Refreshing native plugins compatible for Editor in 1.85 ms, found 3 plugins.
Preloading 0 native plugins for Editor in 0.00 ms.
Mono: successfully reloaded assembly
- Completed reload, in 10.312 seconds
Domain Reload Profiling:
	ReloadAssembly (10315ms)
		BeginReloadAssembly (1194ms)
			ExecutionOrderSort (0ms)
			DisableScriptedObjects (63ms)
			BackupInstance (0ms)
			ReleaseScriptingObjects (1ms)
			CreateAndSetChildDomain (416ms)
		EndReloadAssembly (8478ms)
			LoadAssemblies (1481ms)
			RebuildTransferFunctionScriptingTraits (0ms)
			SetupTypeCache (3438ms)
			ReleaseScriptCaches (3ms)
			RebuildScriptCaches (254ms)
			SetupLoadedEditorAssemblies (2376ms)
				LogAssemblyErrors (0ms)
				InitializePlatformSupportModulesInManaged (17ms)
				SetLoadedEditorAssemblies (1ms)
				RefreshPlugins (2ms)
				BeforeProcessingInitializeOnLoad (415ms)
				ProcessInitializeOnLoadAttributes (1877ms)
				ProcessInitializeOnLoadMethodAttributes (30ms)
				AfterProcessingInitializeOnLoad (34ms)
				EditorAssembliesLoaded (0ms)
			ExecutionOrderSort2 (0ms)
			AwakeInstancesAfterBackupRestoration (27ms)
Platform modules already initialized, skipping
Switching build target platform(19) subTarget(0) extendedPlatform(0) -> platform(13) subTarget(537395200) extendedPlatform(0)
Refreshing native plugins compatible for Editor in 4.69 ms, found 3 plugins.
Preloading 0 native plugins for Editor in 0.00 ms.
Unloading 3908 Unused Serialized files (Serialized files now loaded: 0)
System memory in use before: 158.2 MB.
System memory in use after: 158.4 MB.

Unloading 47 unused Assets to reduce memory usage. Loaded Objects now: 4497.
Total: 15.450500 ms (FindLiveObjects: 1.157800 ms CreateObjectMapping: 0.933700 ms MarkObjects: 13.148500 ms  DeleteObjects: 0.206400 ms)

AssetImportParameters requested are different than current active one (requested -> active):
  custom:framework-win-MediaFoundation: 216162199b28c13a410421893ffa2e32 -> 
  custom:video-decoder-ogg-theora: a1e56fd34408186e4bbccfd4996cb3dc -> 
  custom:container-muxer-webm: aa71ff27fc2769a1b78a27578f13a17b -> 
  custom:container-demuxer-webm: 4f35f7cbe854078d1ac9338744f61a02 -> 
  custom:container-demuxer-ogg: 62fdf1f143b41e24485cea50d1cbac27 -> 
  custom:video-encoder-webm-vp8: eb34c28f22e8b96e1ab97ce403110664 -> 
  custom:video-decoder-webm-vp8: 9c59270c3fd7afecdb556c50c9e8de78 -> 
  custom:graphics/normal-map-encoding: 01000000000000000000000000000000 -> 02000000000000000000000000000000
  custom:audio-decoder-ogg-vorbis: bf7c407c2cedff20999df2af8eb42d56 -> 
  custom:audio-encoder-webm-vorbis: bf7c407c2cedff20999df2af8eb42d56 -> 
========================================================================
Received Import Request.
  Time since last request: 153.679317 seconds.
  path: Assets/CutRope/RopeLevels.unity
  artifactKey: Guid(58a825868ccf8c64fb157b41c47291c9) Importer(815301076,1909f56bfc062723c751e8b465ee728b)
Start importing Assets/CutRope/RopeLevels.unity using Guid(58a825868ccf8c64fb157b41c47291c9) Importer(815301076,1909f56bfc062723c751e8b465ee728b)  -> (artifact id: '7a71fea53447223c81e93422a660e7a7') in 0.148327 seconds 
  Import took 0.258237 seconds .

========================================================================
Received Prepare
Registering precompiled user dll's ...
Registered in 1.505550 seconds.
Begin MonoManager ReloadAssembly
Native extension for WindowsStandalone target not found
Native extension for WebGL target not found
Refreshing native plugins compatible for Editor in 2.23 ms, found 3 plugins.
Preloading 0 native plugins for Editor in 0.00 ms.
Mono: successfully reloaded assembly
- Completed reload, in  9.625 seconds
Domain Reload Profiling:
	ReloadAssembly (9641ms)
		BeginReloadAssembly (233ms)
			ExecutionOrderSort (0ms)
			DisableScriptedObjects (10ms)
			BackupInstance (0ms)
			ReleaseScriptingObjects (0ms)
			CreateAndSetChildDomain (63ms)
		EndReloadAssembly (9254ms)
			LoadAssemblies (324ms)
			RebuildTransferFunctionScriptingTraits (0ms)
			SetupTypeCache (917ms)
			ReleaseScriptCaches (3ms)
			RebuildScriptCaches (101ms)
			SetupLoadedEditorAssemblies (5396ms)
				LogAssemblyErrors (0ms)
				InitializePlatformSupportModulesInManaged (14ms)
				SetLoadedEditorAssemblies (1ms)
				RefreshPlugins (3ms)
				BeforeProcessingInitializeOnLoad (2273ms)
				ProcessInitializeOnLoadAttributes (3061ms)
				ProcessInitializeOnLoadMethodAttributes (22ms)
				AfterProcessingInitializeOnLoad (22ms)
				EditorAssembliesLoaded (0ms)
			ExecutionOrderSort2 (0ms)
			AwakeInstancesAfterBackupRestoration (21ms)
Platform modules already initialized, skipping
Switching build target platform(19) subTarget(0) extendedPlatform(0) -> platform(13) subTarget(537395200) extendedPlatform(0)
Refreshing native plugins compatible for Editor in 1.38 ms, found 3 plugins.
Preloading 0 native plugins for Editor in 0.00 ms.
Unloading 3908 Unused Serialized files (Serialized files now loaded: 0)
System memory in use before: 158.2 MB.
System memory in use after: 158.5 MB.

Unloading 47 unused Assets to reduce memory usage. Loaded Objects now: 4499.
Total: 5.954900 ms (FindLiveObjects: 0.481200 ms CreateObjectMapping: 0.435300 ms MarkObjects: 4.929800 ms  DeleteObjects: 0.106300 ms)

AssetImportParameters requested are different than current active one (requested -> active):
  custom:framework-win-MediaFoundation: 216162199b28c13a410421893ffa2e32 -> 
  custom:video-decoder-ogg-theora: a1e56fd34408186e4bbccfd4996cb3dc -> 
  custom:container-muxer-webm: aa71ff27fc2769a1b78a27578f13a17b -> 
  custom:container-demuxer-webm: 4f35f7cbe854078d1ac9338744f61a02 -> 
  custom:container-demuxer-ogg: 62fdf1f143b41e24485cea50d1cbac27 -> 
  custom:video-encoder-webm-vp8: eb34c28f22e8b96e1ab97ce403110664 -> 
  custom:video-decoder-webm-vp8: 9c59270c3fd7afecdb556c50c9e8de78 -> 
  custom:graphics/normal-map-encoding: 01000000000000000000000000000000 -> 02000000000000000000000000000000
  custom:audio-decoder-ogg-vorbis: bf7c407c2cedff20999df2af8eb42d56 -> 
  custom:audio-encoder-webm-vorbis: bf7c407c2cedff20999df2af8eb42d56 -> 
